c:\homework 4\elevator project\homework_4_main\homework_4_main\x64\debug\vc140.pdb
c:\homework 4\elevator project\homework_4_main\homework_4_main\x64\debug\vc140.idb
c:\homework 4\elevator project\homework_4_main\homework_4_main\x64\debug\hw4_source.obj
c:\homework 4\elevator project\homework_4_main\homework_4_main\x64\debug\passenger.obj
c:\homework 4\elevator project\homework_4_main\homework_4_main\x64\debug\car.obj
c:\homework 4\elevator project\homework_4_main\homework_4_main\x64\debug\binarysearchtree.obj
c:\homework 4\elevator project\homework_4_main\x64\debug\homework_4_main.ilk
c:\homework 4\elevator project\homework_4_main\x64\debug\homework_4_main.exe
c:\homework 4\elevator project\homework_4_main\x64\debug\homework_4_main.pdb
c:\homework 4\elevator project\homework_4_main\homework_4_main\x64\debug\homework_4_main.tlog\cl.command.1.tlog
c:\homework 4\elevator project\homework_4_main\homework_4_main\x64\debug\homework_4_main.tlog\cl.read.1.tlog
c:\homework 4\elevator project\homework_4_main\homework_4_main\x64\debug\homework_4_main.tlog\cl.write.1.tlog
c:\homework 4\elevator project\homework_4_main\homework_4_main\x64\debug\homework_4_main.tlog\link-cvtres.read.1.tlog
c:\homework 4\elevator project\homework_4_main\homework_4_main\x64\debug\homework_4_main.tlog\link-cvtres.write.1.tlog
c:\homework 4\elevator project\homework_4_main\homework_4_main\x64\debug\homework_4_main.tlog\link-rc.read.1.tlog
c:\homework 4\elevator project\homework_4_main\homework_4_main\x64\debug\homework_4_main.tlog\link-rc.write.1.tlog
c:\homework 4\elevator project\homework_4_main\homework_4_main\x64\debug\homework_4_main.tlog\link.13340-cvtres.read.1.tlog
c:\homework 4\elevator project\homework_4_main\homework_4_main\x64\debug\homework_4_main.tlog\link.13340-cvtres.write.1.tlog
c:\homework 4\elevator project\homework_4_main\homework_4_main\x64\debug\homework_4_main.tlog\link.13340-rc.read.1.tlog
c:\homework 4\elevator project\homework_4_main\homework_4_main\x64\debug\homework_4_main.tlog\link.13340-rc.write.1.tlog
c:\homework 4\elevator project\homework_4_main\homework_4_main\x64\debug\homework_4_main.tlog\link.13340.read.1.tlog
c:\homework 4\elevator project\homework_4_main\homework_4_main\x64\debug\homework_4_main.tlog\link.13340.write.1.tlog
c:\homework 4\elevator project\homework_4_main\homework_4_main\x64\debug\homework_4_main.tlog\link.command.1.tlog
c:\homework 4\elevator project\homework_4_main\homework_4_main\x64\debug\homework_4_main.tlog\link.read.1.tlog
c:\homework 4\elevator project\homework_4_main\homework_4_main\x64\debug\homework_4_main.tlog\link.write.1.tlog
